# JRE version: Java(TM) SE Runtime Environment (8.0_301-b09) (build 1.8.0_301-b09)
# Java VM: Java HotSpot(TM) 64-Bit Server VM (25.301-b09 mixed mode windows-amd64 compressed oops)
Heap:
 PSYoungGen      total 97792K, used 41260K [0x00000000d6580000, 0x00000000df080000, 0x0000000100000000)
  eden space 73728K, 53% used [0x00000000d6580000,0x00000000d8c15ea8,0x00000000dad80000)
  from space 24064K, 7% used [0x00000000dad80000,0x00000000daf35550,0x00000000dc500000)
  to   space 23552K, 0% used [0x00000000dd980000,0x00000000dd980000,0x00000000df080000)
 ParOldGen       total 86016K, used 45588K [0x0000000083000000, 0x0000000088400000, 0x00000000d6580000)
  object space 86016K, 52% used [0x0000000083000000,0x0000000085c85050,0x0000000088400000)
 Metaspace       used 24456K, capacity 24828K, committed 25216K, reserved 1071104K
  class space    used 3017K, capacity 3103K, committed 3200K, reserved 1048576K
GC Heap History (10 events):
Event: 4.895 GC heap before
{Heap before GC invocations=13 (full 1):
 PSYoungGen      total 71680K, used 59240K [0x00000000d6580000, 0x00000000dde80000, 0x0000000100000000)
  eden space 46080K, 100% used [0x00000000d6580000,0x00000000d9280000,0x00000000d9280000)
  from space 25600K, 51% used [0x00000000d9280000,0x00000000d9f5a338,0x00000000dab80000)
  to   space 25088K, 0% used [0x00000000dc600000,0x00000000dc600000,0x00000000dde80000)
 ParOldGen       total 86016K, used 41762K [0x0000000083000000, 0x0000000088400000, 0x00000000d6580000)
  object space 86016K, 48% used [0x0000000083000000,0x00000000858c88c0,0x0000000088400000)
 Metaspace       used 19950K, capacity 20338K, committed 20608K, reserved 1067008K
  class space    used 2511K, capacity 2614K, committed 2688K, reserved 1048576K
Event: 4.904 GC heap after
Heap after GC invocations=13 (full 1):
 PSYoungGen      total 96768K, used 6922K [0x00000000d6580000, 0x00000000ddc80000, 0x0000000100000000)
  eden space 73728K, 0% used [0x00000000d6580000,0x00000000d6580000,0x00000000dad80000)
  from space 23040K, 30% used [0x00000000dc600000,0x00000000dccc2bc8,0x00000000ddc80000)
  to   space 24064K, 0% used [0x00000000dad80000,0x00000000dad80000,0x00000000dc500000)
 ParOldGen       total 86016K, used 51688K [0x0000000083000000, 0x0000000088400000, 0x00000000d6580000)
  object space 86016K, 60% used [0x0000000083000000,0x000000008627a108,0x0000000088400000)
 Metaspace       used 19950K, capacity 20338K, committed 20608K, reserved 1067008K
  class space    used 2511K, capacity 2614K, committed 2688K, reserved 1048576K
}
Event: 5.290 GC heap before
{Heap before GC invocations=14 (full 1):
 PSYoungGen      total 96768K, used 80650K [0x00000000d6580000, 0x00000000ddc80000, 0x0000000100000000)
  eden space 73728K, 100% used [0x00000000d6580000,0x00000000dad80000,0x00000000dad80000)
  from space 23040K, 30% used [0x00000000dc600000,0x00000000dccc2bc8,0x00000000ddc80000)
  to   space 24064K, 0% used [0x00000000dad80000,0x00000000dad80000,0x00000000dc500000)
 ParOldGen       total 86016K, used 51688K [0x0000000083000000, 0x0000000088400000, 0x00000000d6580000)
  object space 86016K, 60% used [0x0000000083000000,0x000000008627a108,0x0000000088400000)
 Metaspace       used 21299K, capacity 21698K, committed 22016K, reserved 1069056K
  class space    used 2636K, capacity 2742K, committed 2816K, reserved 1048576K
Event: 5.298 GC heap after
Heap after GC invocations=14 (full 1):
 PSYoungGen      total 97792K, used 3444K [0x00000000d6580000, 0x00000000ddc80000, 0x0000000100000000)
  eden space 73728K, 0% used [0x00000000d6580000,0x00000000d6580000,0x00000000dad80000)
  from space 24064K, 14% used [0x00000000dad80000,0x00000000db0dd2c0,0x00000000dc500000)
  to   space 23040K, 0% used [0x00000000dc600000,0x00000000dc600000,0x00000000ddc80000)
 ParOldGen       total 86016K, used 58047K [0x0000000083000000, 0x0000000088400000, 0x00000000d6580000)
  object space 86016K, 67% used [0x0000000083000000,0x00000000868affb0,0x0000000088400000)
 Metaspace       used 21299K, capacity 21698K, committed 22016K, reserved 1069056K
  class space    used 2636K, capacity 2742K, committed 2816K, reserved 1048576K
}
Event: 5.697 GC heap before
{Heap before GC invocations=15 (full 1):
 PSYoungGen      total 97792K, used 49021K [0x00000000d6580000, 0x00000000ddc80000, 0x0000000100000000)
  eden space 73728K, 61% used [0x00000000d6580000,0x00000000d92024c8,0x00000000dad80000)
  from space 24064K, 14% used [0x00000000dad80000,0x00000000db0dd2c0,0x00000000dc500000)
  to   space 23040K, 0% used [0x00000000dc600000,0x00000000dc600000,0x00000000ddc80000)
 ParOldGen       total 86016K, used 58047K [0x0000000083000000, 0x0000000088400000, 0x00000000d6580000)
  object space 86016K, 67% used [0x0000000083000000,0x00000000868affb0,0x0000000088400000)
 Metaspace       used 22541K, capacity 22946K, committed 23040K, reserved 1069056K
  class space    used 2778K, capacity 2902K, committed 2944K, reserved 1048576K
Event: 5.706 GC heap after
Heap after GC invocations=15 (full 1):
 PSYoungGen      total 96768K, used 12289K [0x00000000d6580000, 0x00000000ddc80000, 0x0000000100000000)
  eden space 73728K, 0% used [0x00000000d6580000,0x00000000d6580000,0x00000000dad80000)
  from space 23040K, 53% used [0x00000000dc600000,0x00000000dd2004a8,0x00000000ddc80000)
  to   space 24064K, 0% used [0x00000000dad80000,0x00000000dad80000,0x00000000dc500000)
 ParOldGen       total 86016K, used 59427K [0x0000000083000000, 0x0000000088400000, 0x00000000d6580000)
  object space 86016K, 69% used [0x0000000083000000,0x0000000086a08d70,0x0000000088400000)
 Metaspace       used 22541K, capacity 22946K, committed 23040K, reserved 1069056K
  class space    used 2778K, capacity 2902K, committed 2944K, reserved 1048576K
}
Event: 5.706 GC heap before
{Heap before GC invocations=16 (full 2):
 PSYoungGen      total 96768K, used 12289K [0x00000000d6580000, 0x00000000ddc80000, 0x0000000100000000)
  eden space 73728K, 0% used [0x00000000d6580000,0x00000000d6580000,0x00000000dad80000)
  from space 23040K, 53% used [0x00000000dc600000,0x00000000dd2004a8,0x00000000ddc80000)
  to   space 24064K, 0% used [0x00000000dad80000,0x00000000dad80000,0x00000000dc500000)
 ParOldGen       total 86016K, used 59427K [0x0000000083000000, 0x0000000088400000, 0x00000000d6580000)
  object space 86016K, 69% used [0x0000000083000000,0x0000000086a08d70,0x0000000088400000)
 Metaspace       used 22541K, capacity 22946K, committed 23040K, reserved 1069056K
  class space    used 2778K, capacity 2902K, committed 2944K, reserved 1048576K
Event: 5.793 GC heap after
Heap after GC invocations=16 (full 2):
 PSYoungGen      total 96768K, used 0K [0x00000000d6580000, 0x00000000ddc80000, 0x0000000100000000)
  eden space 73728K, 0% used [0x00000000d6580000,0x00000000d6580000,0x00000000dad80000)
  from space 23040K, 0% used [0x00000000dc600000,0x00000000dc600000,0x00000000ddc80000)
  to   space 24064K, 0% used [0x00000000dad80000,0x00000000dad80000,0x00000000dc500000)
 ParOldGen       total 86016K, used 45580K [0x0000000083000000, 0x0000000088400000, 0x00000000d6580000)
  object space 86016K, 52% used [0x0000000083000000,0x0000000085c83050,0x0000000088400000)
 Metaspace       used 22541K, capacity 22946K, committed 23040K, reserved 1069056K
  class space    used 2778K, capacity 2902K, committed 2944K, reserved 1048576K
}
Event: 6.070 GC heap before
{Heap before GC invocations=17 (full 2):
 PSYoungGen      total 96768K, used 73728K [0x00000000d6580000, 0x00000000ddc80000, 0x0000000100000000)
  eden space 73728K, 100% used [0x00000000d6580000,0x00000000dad80000,0x00000000dad80000)
  from space 23040K, 0% used [0x00000000dc600000,0x00000000dc600000,0x00000000ddc80000)
  to   space 24064K, 0% used [0x00000000dad80000,0x00000000dad80000,0x00000000dc500000)
 ParOldGen       total 86016K, used 45580K [0x0000000083000000, 0x0000000088400000, 0x00000000d6580000)
  object space 86016K, 52% used [0x0000000083000000,0x0000000085c83050,0x0000000088400000)
 Metaspace       used 23537K, capacity 24022K, committed 24320K, reserved 1071104K
  class space    used 2877K, capacity 3004K, committed 3072K, reserved 1048576K
Event: 6.072 GC heap after
Heap after GC invocations=17 (full 2):
 PSYoungGen      total 97792K, used 1749K [0x00000000d6580000, 0x00000000df080000, 0x0000000100000000)
  eden space 73728K, 0% used [0x00000000d6580000,0x00000000d6580000,0x00000000dad80000)
  from space 24064K, 7% used [0x00000000dad80000,0x00000000daf35550,0x00000000dc500000)
  to   space 23552K, 0% used [0x00000000dd980000,0x00000000dd980000,0x00000000df080000)
 ParOldGen       total 86016K, used 45588K [0x0000000083000000, 0x0000000088400000, 0x00000000d6580000)
  object space 86016K, 52% used [0x0000000083000000,0x0000000085c85050,0x0000000088400000)
 Metaspace       used 23537K, capacity 24022K, committed 24320K, reserved 1071104K
  class space    used 2877K, capacity 3004K, committed 3072K, reserved 1048576K
}

