# JRE version: Java(TM) SE Runtime Environment (8.0_301-b09) (build 1.8.0_301-b09)
# Java VM: Java HotSpot(TM) 64-Bit Server VM (25.301-b09 mixed mode windows-amd64 compressed oops)
Heap:
 PSYoungGen      total 321536K, used 273917K [0x00000000d6580000, 0x00000000eba00000, 0x0000000100000000)
  eden space 296960K, 92% used [0x00000000d6580000,0x00000000e70ff538,0x00000000e8780000)
  from space 24576K, 0% used [0x00000000e8780000,0x00000000e8780000,0x00000000e9f80000)
  to   space 25600K, 0% used [0x00000000e9f80000,0x00000000e9f80000,0x00000000eb880000)
 ParOldGen       total 101888K, used 82422K [0x0000000083000000, 0x0000000089380000, 0x00000000d6580000)
  object space 101888K, 80% used [0x0000000083000000,0x000000008807db90,0x0000000089380000)
 Metaspace       used 38646K, capacity 39165K, committed 39584K, reserved 1083392K
  class space    used 5151K, capacity 5335K, committed 5420K, reserved 1048576K
GC Heap History (10 events):
Event: 7.669 GC heap before
{Heap before GC invocations=16 (full 2):
 PSYoungGen      total 169472K, used 143872K [0x00000000d6580000, 0x00000000e7880000, 0x0000000100000000)
  eden space 143872K, 100% used [0x00000000d6580000,0x00000000df200000,0x00000000df200000)
  from space 25600K, 0% used [0x00000000df200000,0x00000000df200000,0x00000000e0b00000)
  to   space 25600K, 0% used [0x00000000e5f80000,0x00000000e5f80000,0x00000000e7880000)
 ParOldGen       total 101888K, used 45148K [0x0000000083000000, 0x0000000089380000, 0x00000000d6580000)
  object space 101888K, 44% used [0x0000000083000000,0x0000000085c17148,0x0000000089380000)
 Metaspace       used 25273K, capacity 25698K, committed 26156K, reserved 1073152K
  class space    used 3158K, capacity 3265K, committed 3372K, reserved 1048576K
Event: 7.673 GC heap after
Heap after GC invocations=16 (full 2):
 PSYoungGen      total 212992K, used 5404K [0x00000000d6580000, 0x00000000e6500000, 0x0000000100000000)
  eden space 207360K, 0% used [0x00000000d6580000,0x00000000d6580000,0x00000000e3000000)
  from space 5632K, 95% used [0x00000000e5f80000,0x00000000e64c7070,0x00000000e6500000)
  to   space 25088K, 0% used [0x00000000e3400000,0x00000000e3400000,0x00000000e4c80000)
 ParOldGen       total 101888K, used 45156K [0x0000000083000000, 0x0000000089380000, 0x00000000d6580000)
  object space 101888K, 44% used [0x0000000083000000,0x0000000085c19148,0x0000000089380000)
 Metaspace       used 25273K, capacity 25698K, committed 26156K, reserved 1073152K
  class space    used 3158K, capacity 3265K, committed 3372K, reserved 1048576K
}
Event: 8.548 GC heap before
{Heap before GC invocations=17 (full 2):
 PSYoungGen      total 212992K, used 212764K [0x00000000d6580000, 0x00000000e6500000, 0x0000000100000000)
  eden space 207360K, 100% used [0x00000000d6580000,0x00000000e3000000,0x00000000e3000000)
  from space 5632K, 95% used [0x00000000e5f80000,0x00000000e64c7070,0x00000000e6500000)
  to   space 25088K, 0% used [0x00000000e3400000,0x00000000e3400000,0x00000000e4c80000)
 ParOldGen       total 101888K, used 45156K [0x0000000083000000, 0x0000000089380000, 0x00000000d6580000)
  object space 101888K, 44% used [0x0000000083000000,0x0000000085c19148,0x0000000089380000)
 Metaspace       used 26906K, capacity 27368K, committed 27692K, reserved 1073152K
  class space    used 3492K, capacity 3586K, committed 3628K, reserved 1048576K
Event: 8.567 GC heap after
Heap after GC invocations=17 (full 2):
 PSYoungGen      total 236544K, used 15738K [0x00000000d6580000, 0x00000000eb880000, 0x0000000100000000)
  eden space 211456K, 0% used [0x00000000d6580000,0x00000000d6580000,0x00000000e3400000)
  from space 25088K, 62% used [0x00000000e3400000,0x00000000e435e938,0x00000000e4c80000)
  to   space 25600K, 0% used [0x00000000e9f80000,0x00000000e9f80000,0x00000000eb880000)
 ParOldGen       total 101888K, used 48358K [0x0000000083000000, 0x0000000089380000, 0x00000000d6580000)
  object space 101888K, 47% used [0x0000000083000000,0x0000000085f39a00,0x0000000089380000)
 Metaspace       used 26906K, capacity 27368K, committed 27692K, reserved 1073152K
  class space    used 3492K, capacity 3586K, committed 3628K, reserved 1048576K
}
Event: 9.520 GC heap before
{Heap before GC invocations=18 (full 2):
 PSYoungGen      total 236544K, used 227194K [0x00000000d6580000, 0x00000000eb880000, 0x0000000100000000)
  eden space 211456K, 100% used [0x00000000d6580000,0x00000000e3400000,0x00000000e3400000)
  from space 25088K, 62% used [0x00000000e3400000,0x00000000e435e938,0x00000000e4c80000)
  to   space 25600K, 0% used [0x00000000e9f80000,0x00000000e9f80000,0x00000000eb880000)
 ParOldGen       total 101888K, used 48358K [0x0000000083000000, 0x0000000089380000, 0x00000000d6580000)
  object space 101888K, 47% used [0x0000000083000000,0x0000000085f39a00,0x0000000089380000)
 Metaspace       used 30616K, capacity 31048K, committed 31276K, reserved 1077248K
  class space    used 4255K, capacity 4386K, committed 4396K, reserved 1048576K
Event: 9.538 GC heap after
Heap after GC invocations=18 (full 2):
 PSYoungGen      total 322560K, used 8310K [0x00000000d6580000, 0x00000000eba00000, 0x0000000100000000)
  eden space 296960K, 0% used [0x00000000d6580000,0x00000000d6580000,0x00000000e8780000)
  from space 25600K, 32% used [0x00000000e9f80000,0x00000000ea79db80,0x00000000eb880000)
  to   space 24576K, 0% used [0x00000000e8780000,0x00000000e8780000,0x00000000e9f80000)
 ParOldGen       total 101888K, used 62433K [0x0000000083000000, 0x0000000089380000, 0x00000000d6580000)
  object space 101888K, 61% used [0x0000000083000000,0x0000000086cf87c0,0x0000000089380000)
 Metaspace       used 30616K, capacity 31048K, committed 31276K, reserved 1077248K
  class space    used 4255K, capacity 4386K, committed 4396K, reserved 1048576K
}
Event: 13.065 GC heap before
{Heap before GC invocations=19 (full 2):
 PSYoungGen      total 322560K, used 305270K [0x00000000d6580000, 0x00000000eba00000, 0x0000000100000000)
  eden space 296960K, 100% used [0x00000000d6580000,0x00000000e8780000,0x00000000e8780000)
  from space 25600K, 32% used [0x00000000e9f80000,0x00000000ea79db80,0x00000000eb880000)
  to   space 24576K, 0% used [0x00000000e8780000,0x00000000e8780000,0x00000000e9f80000)
 ParOldGen       total 101888K, used 62433K [0x0000000083000000, 0x0000000089380000, 0x00000000d6580000)
  object space 101888K, 61% used [0x0000000083000000,0x0000000086cf87c0,0x0000000089380000)
 Metaspace       used 37270K, capacity 37669K, committed 38048K, reserved 1083392K
  class space    used 4943K, capacity 5091K, committed 5164K, reserved 1048576K
Event: 13.089 GC heap after
Heap after GC invocations=19 (full 2):
 PSYoungGen      total 321536K, used 16295K [0x00000000d6580000, 0x00000000eba00000, 0x0000000100000000)
  eden space 296960K, 0% used [0x00000000d6580000,0x00000000d6580000,0x00000000e8780000)
  from space 24576K, 66% used [0x00000000e8780000,0x00000000e9769e10,0x00000000e9f80000)
  to   space 25600K, 0% used [0x00000000e9f80000,0x00000000e9f80000,0x00000000eb880000)
 ParOldGen       total 101888K, used 67381K [0x0000000083000000, 0x0000000089380000, 0x00000000d6580000)
  object space 101888K, 66% used [0x0000000083000000,0x00000000871cd7f8,0x0000000089380000)
 Metaspace       used 37270K, capacity 37669K, committed 38048K, reserved 1083392K
  class space    used 4943K, capacity 5091K, committed 5164K, reserved 1048576K
}
Event: 13.089 GC heap before
{Heap before GC invocations=20 (full 3):
 PSYoungGen      total 321536K, used 16295K [0x00000000d6580000, 0x00000000eba00000, 0x0000000100000000)
  eden space 296960K, 0% used [0x00000000d6580000,0x00000000d6580000,0x00000000e8780000)
  from space 24576K, 66% used [0x00000000e8780000,0x00000000e9769e10,0x00000000e9f80000)
  to   space 25600K, 0% used [0x00000000e9f80000,0x00000000e9f80000,0x00000000eb880000)
 ParOldGen       total 101888K, used 67381K [0x0000000083000000, 0x0000000089380000, 0x00000000d6580000)
  object space 101888K, 66% used [0x0000000083000000,0x00000000871cd7f8,0x0000000089380000)
 Metaspace       used 37270K, capacity 37669K, committed 38048K, reserved 1083392K
  class space    used 4943K, capacity 5091K, committed 5164K, reserved 1048576K
Event: 13.473 GC heap after
Heap after GC invocations=20 (full 3):
 PSYoungGen      total 321536K, used 0K [0x00000000d6580000, 0x00000000eba00000, 0x0000000100000000)
  eden space 296960K, 0% used [0x00000000d6580000,0x00000000d6580000,0x00000000e8780000)
  from space 24576K, 0% used [0x00000000e8780000,0x00000000e8780000,0x00000000e9f80000)
  to   space 25600K, 0% used [0x00000000e9f80000,0x00000000e9f80000,0x00000000eb880000)
 ParOldGen       total 101888K, used 82422K [0x0000000083000000, 0x0000000089380000, 0x00000000d6580000)
  object space 101888K, 80% used [0x0000000083000000,0x000000008807db90,0x0000000089380000)
 Metaspace       used 37270K, capacity 37669K, committed 38048K, reserved 1083392K
  class space    used 4943K, capacity 5091K, committed 5164K, reserved 1048576K
}

