# JRE version: Java(TM) SE Runtime Environment (8.0_301-b09) (build 1.8.0_301-b09)
# Java VM: Java HotSpot(TM) 64-Bit Server VM (25.301-b09 mixed mode windows-amd64 compressed oops)
Heap:
 PSYoungGen      total 586752K, used 493005K [0x00000000d6580000, 0x00000000ff880000, 0x0000000100000000)
  eden space 505856K, 90% used [0x00000000d6580000,0x00000000f231d870,0x00000000f5380000)
  from space 80896K, 45% used [0x00000000fa980000,0x00000000fcd55d68,0x00000000ff880000)
  to   space 84480K, 0% used [0x00000000f5380000,0x00000000f5380000,0x00000000fa600000)
 ParOldGen       total 321024K, used 263162K [0x0000000083000000, 0x0000000096980000, 0x00000000d6580000)
  object space 321024K, 81% used [0x0000000083000000,0x00000000930fea30,0x0000000096980000)
 Metaspace       used 67722K, capacity 69087K, committed 69292K, reserved 1110016K
  class space    used 8518K, capacity 8804K, committed 8876K, reserved 1048576K
GC Heap History (10 events):
Event: 38.651 GC heap before
{Heap before GC invocations=33 (full 6):
 PSYoungGen      total 534528K, used 468480K [0x00000000d6580000, 0x00000000fb000000, 0x0000000100000000)
  eden space 468480K, 100% used [0x00000000d6580000,0x00000000f2f00000,0x00000000f2f00000)
  from space 66048K, 0% used [0x00000000f6f80000,0x00000000f6f80000,0x00000000fb000000)
  to   space 66048K, 0% used [0x00000000f2f00000,0x00000000f2f00000,0x00000000f6f80000)
 ParOldGen       total 321024K, used 194376K [0x0000000083000000, 0x0000000096980000, 0x00000000d6580000)
  object space 321024K, 60% used [0x0000000083000000,0x000000008edd2210,0x0000000096980000)
 Metaspace       used 62842K, capacity 64153K, committed 64300K, reserved 1105920K
  class space    used 8117K, capacity 8419K, committed 8492K, reserved 1048576K
Event: 38.679 GC heap after
Heap after GC invocations=33 (full 6):
 PSYoungGen      total 534528K, used 57562K [0x00000000d6580000, 0x00000000ff100000, 0x0000000100000000)
  eden space 468480K, 0% used [0x00000000d6580000,0x00000000d6580000,0x00000000f2f00000)
  from space 66048K, 87% used [0x00000000f2f00000,0x00000000f67369a8,0x00000000f6f80000)
  to   space 74752K, 0% used [0x00000000fa800000,0x00000000fa800000,0x00000000ff100000)
 ParOldGen       total 321024K, used 194384K [0x0000000083000000, 0x0000000096980000, 0x00000000d6580000)
  object space 321024K, 60% used [0x0000000083000000,0x000000008edd4210,0x0000000096980000)
 Metaspace       used 62842K, capacity 64153K, committed 64300K, reserved 1105920K
  class space    used 8117K, capacity 8419K, committed 8492K, reserved 1048576K
}
Event: 40.413 GC heap before
{Heap before GC invocations=34 (full 6):
 PSYoungGen      total 534528K, used 256397K [0x00000000d6580000, 0x00000000ff100000, 0x0000000100000000)
  eden space 468480K, 42% used [0x00000000d6580000,0x00000000e27aca70,0x00000000f2f00000)
  from space 66048K, 87% used [0x00000000f2f00000,0x00000000f67369a8,0x00000000f6f80000)
  to   space 74752K, 0% used [0x00000000fa800000,0x00000000fa800000,0x00000000ff100000)
 ParOldGen       total 321024K, used 194384K [0x0000000083000000, 0x0000000096980000, 0x00000000d6580000)
  object space 321024K, 60% used [0x0000000083000000,0x000000008edd4210,0x0000000096980000)
 Metaspace       used 65227K, capacity 66595K, committed 66860K, reserved 1107968K
  class space    used 8411K, capacity 8716K, committed 8748K, reserved 1048576K
Event: 40.463 GC heap after
Heap after GC invocations=34 (full 6):
 PSYoungGen      total 579072K, used 74669K [0x00000000d6580000, 0x0000000100000000, 0x0000000100000000)
  eden space 504320K, 0% used [0x00000000d6580000,0x00000000d6580000,0x00000000f5200000)
  from space 74752K, 99% used [0x00000000fa800000,0x00000000ff0eb7d8,0x00000000ff100000)
  to   space 88064K, 0% used [0x00000000f5200000,0x00000000f5200000,0x00000000fa800000)
 ParOldGen       total 321024K, used 194392K [0x0000000083000000, 0x0000000096980000, 0x00000000d6580000)
  object space 321024K, 60% used [0x0000000083000000,0x000000008edd6210,0x0000000096980000)
 Metaspace       used 65227K, capacity 66595K, committed 66860K, reserved 1107968K
  class space    used 8411K, capacity 8716K, committed 8748K, reserved 1048576K
}
Event: 40.463 GC heap before
{Heap before GC invocations=35 (full 7):
 PSYoungGen      total 579072K, used 74669K [0x00000000d6580000, 0x0000000100000000, 0x0000000100000000)
  eden space 504320K, 0% used [0x00000000d6580000,0x00000000d6580000,0x00000000f5200000)
  from space 74752K, 99% used [0x00000000fa800000,0x00000000ff0eb7d8,0x00000000ff100000)
  to   space 88064K, 0% used [0x00000000f5200000,0x00000000f5200000,0x00000000fa800000)
 ParOldGen       total 321024K, used 194392K [0x0000000083000000, 0x0000000096980000, 0x00000000d6580000)
  object space 321024K, 60% used [0x0000000083000000,0x000000008edd6210,0x0000000096980000)
 Metaspace       used 65227K, capacity 66595K, committed 66860K, reserved 1107968K
  class space    used 8411K, capacity 8716K, committed 8748K, reserved 1048576K
Event: 40.852 GC heap after
Heap after GC invocations=35 (full 7):
 PSYoungGen      total 579072K, used 0K [0x00000000d6580000, 0x0000000100000000, 0x0000000100000000)
  eden space 504320K, 0% used [0x00000000d6580000,0x00000000d6580000,0x00000000f5200000)
  from space 74752K, 0% used [0x00000000fa800000,0x00000000fa800000,0x00000000ff100000)
  to   space 88064K, 0% used [0x00000000f5200000,0x00000000f5200000,0x00000000fa800000)
 ParOldGen       total 321024K, used 263146K [0x0000000083000000, 0x0000000096980000, 0x00000000d6580000)
  object space 321024K, 81% used [0x0000000083000000,0x00000000930faa30,0x0000000096980000)
 Metaspace       used 65227K, capacity 66595K, committed 66860K, reserved 1107968K
  class space    used 8411K, capacity 8716K, committed 8748K, reserved 1048576K
}
Event: 43.096 GC heap before
{Heap before GC invocations=36 (full 7):
 PSYoungGen      total 579072K, used 504320K [0x00000000d6580000, 0x0000000100000000, 0x0000000100000000)
  eden space 504320K, 100% used [0x00000000d6580000,0x00000000f5200000,0x00000000f5200000)
  from space 74752K, 0% used [0x00000000fa800000,0x00000000fa800000,0x00000000ff100000)
  to   space 88064K, 0% used [0x00000000f5200000,0x00000000f5200000,0x00000000fa800000)
 ParOldGen       total 321024K, used 263146K [0x0000000083000000, 0x0000000096980000, 0x00000000d6580000)
  object space 321024K, 81% used [0x0000000083000000,0x00000000930faa30,0x0000000096980000)
 Metaspace       used 66592K, capacity 67963K, committed 68268K, reserved 1107968K
  class space    used 8501K, capacity 8798K, committed 8876K, reserved 1048576K
Event: 43.115 GC heap after
Heap after GC invocations=36 (full 7):
 PSYoungGen      total 592384K, used 46333K [0x00000000d6580000, 0x0000000100000000, 0x0000000100000000)
  eden space 504320K, 0% used [0x00000000d6580000,0x00000000d6580000,0x00000000f5200000)
  from space 88064K, 52% used [0x00000000f5200000,0x00000000f7f3f5c8,0x00000000fa800000)
  to   space 88576K, 0% used [0x00000000fa980000,0x00000000fa980000,0x0000000100000000)
 ParOldGen       total 321024K, used 263154K [0x0000000083000000, 0x0000000096980000, 0x00000000d6580000)
  object space 321024K, 81% used [0x0000000083000000,0x00000000930fca30,0x0000000096980000)
 Metaspace       used 66592K, capacity 67963K, committed 68268K, reserved 1107968K
  class space    used 8501K, capacity 8798K, committed 8876K, reserved 1048576K
}
Event: 49.870 GC heap before
{Heap before GC invocations=37 (full 7):
 PSYoungGen      total 592384K, used 550653K [0x00000000d6580000, 0x0000000100000000, 0x0000000100000000)
  eden space 504320K, 100% used [0x00000000d6580000,0x00000000f5200000,0x00000000f5200000)
  from space 88064K, 52% used [0x00000000f5200000,0x00000000f7f3f5c8,0x00000000fa800000)
  to   space 88576K, 0% used [0x00000000fa980000,0x00000000fa980000,0x0000000100000000)
 ParOldGen       total 321024K, used 263154K [0x0000000083000000, 0x0000000096980000, 0x00000000d6580000)
  object space 321024K, 81% used [0x0000000083000000,0x00000000930fca30,0x0000000096980000)
 Metaspace       used 67414K, capacity 68831K, committed 69036K, reserved 1110016K
  class space    used 8515K, capacity 8804K, committed 8876K, reserved 1048576K
Event: 49.885 GC heap after
Heap after GC invocations=37 (full 7):
 PSYoungGen      total 586752K, used 36695K [0x00000000d6580000, 0x00000000ff880000, 0x0000000100000000)
  eden space 505856K, 0% used [0x00000000d6580000,0x00000000d6580000,0x00000000f5380000)
  from space 80896K, 45% used [0x00000000fa980000,0x00000000fcd55d68,0x00000000ff880000)
  to   space 84480K, 0% used [0x00000000f5380000,0x00000000f5380000,0x00000000fa600000)
 ParOldGen       total 321024K, used 263162K [0x0000000083000000, 0x0000000096980000, 0x00000000d6580000)
  object space 321024K, 81% used [0x0000000083000000,0x00000000930fea30,0x0000000096980000)
 Metaspace       used 67414K, capacity 68831K, committed 69036K, reserved 1110016K
  class space    used 8515K, capacity 8804K, committed 8876K, reserved 1048576K
}

