# JRE version: Java(TM) SE Runtime Environment (8.0_301-b09) (build 1.8.0_301-b09)
# Java VM: Java HotSpot(TM) 64-Bit Server VM (25.301-b09 mixed mode windows-amd64 compressed oops)
Heap:
 PSYoungGen      total 573440K, used 16862K [0x00000000d6580000, 0x00000000fd980000, 0x0000000100000000)
  eden space 503808K, 0% used [0x00000000d6580000,0x00000000d6580000,0x00000000f5180000)
  from space 69632K, 24% used [0x00000000f9580000,0x00000000fa5f79d0,0x00000000fd980000)
  to   space 69632K, 0% used [0x00000000f5180000,0x00000000f5180000,0x00000000f9580000)
 ParOldGen       total 314880K, used 192765K [0x0000000083000000, 0x0000000096380000, 0x00000000d6580000)
  object space 314880K, 61% used [0x0000000083000000,0x000000008ec3f6e8,0x0000000096380000)
 Metaspace       used 56252K, capacity 57361K, committed 57516K, reserved 1099776K
  class space    used 7340K, capacity 7589K, committed 7596K, reserved 1048576K
GC Heap History (10 events):
Event: 27.451 GC heap before
{Heap before GC invocations=23 (full 3):
 PSYoungGen      total 385536K, used 385528K [0x00000000d6580000, 0x00000000f2f80000, 0x0000000100000000)
  eden space 360960K, 100% used [0x00000000d6580000,0x00000000ec600000,0x00000000ec600000)
  from space 24576K, 99% used [0x00000000ec600000,0x00000000eddfe2c8,0x00000000ede00000)
  to   space 36352K, 0% used [0x00000000f0c00000,0x00000000f0c00000,0x00000000f2f80000)
 ParOldGen       total 162304K, used 99011K [0x0000000083000000, 0x000000008ce80000, 0x00000000d6580000)
  object space 162304K, 61% used [0x0000000083000000,0x00000000890b0e38,0x000000008ce80000)
 Metaspace       used 46614K, capacity 47167K, committed 47660K, reserved 1091584K
  class space    used 6184K, capacity 6368K, committed 6444K, reserved 1048576K
Event: 27.469 GC heap after
Heap after GC invocations=23 (full 3):
 PSYoungGen      total 434688K, used 12352K [0x00000000d6580000, 0x00000000f3b00000, 0x0000000100000000)
  eden space 398336K, 0% used [0x00000000d6580000,0x00000000d6580000,0x00000000eea80000)
  from space 36352K, 33% used [0x00000000f0c00000,0x00000000f18103d8,0x00000000f2f80000)
  to   space 34304K, 0% used [0x00000000eea80000,0x00000000eea80000,0x00000000f0c00000)
 ParOldGen       total 162304K, used 109334K [0x0000000083000000, 0x000000008ce80000, 0x00000000d6580000)
  object space 162304K, 67% used [0x0000000083000000,0x0000000089ac5918,0x000000008ce80000)
 Metaspace       used 46614K, capacity 47167K, committed 47660K, reserved 1091584K
  class space    used 6184K, capacity 6368K, committed 6444K, reserved 1048576K
}
Event: 31.557 GC heap before
{Heap before GC invocations=24 (full 3):
 PSYoungGen      total 434688K, used 410688K [0x00000000d6580000, 0x00000000f3b00000, 0x0000000100000000)
  eden space 398336K, 100% used [0x00000000d6580000,0x00000000eea80000,0x00000000eea80000)
  from space 36352K, 33% used [0x00000000f0c00000,0x00000000f18103d8,0x00000000f2f80000)
  to   space 34304K, 0% used [0x00000000eea80000,0x00000000eea80000,0x00000000f0c00000)
 ParOldGen       total 162304K, used 109334K [0x0000000083000000, 0x000000008ce80000, 0x00000000d6580000)
  object space 162304K, 67% used [0x0000000083000000,0x0000000089ac5918,0x000000008ce80000)
 Metaspace       used 47946K, capacity 48453K, committed 49068K, reserved 1091584K
  class space    used 6307K, capacity 6473K, committed 6572K, reserved 1048576K
Event: 31.573 GC heap after
Heap after GC invocations=24 (full 3):
 PSYoungGen      total 432640K, used 17863K [0x00000000d6580000, 0x00000000f5e80000, 0x0000000100000000)
  eden space 398336K, 0% used [0x00000000d6580000,0x00000000d6580000,0x00000000eea80000)
  from space 34304K, 52% used [0x00000000eea80000,0x00000000efbf1d70,0x00000000f0c00000)
  to   space 34304K, 0% used [0x00000000f3d00000,0x00000000f3d00000,0x00000000f5e80000)
 ParOldGen       total 162304K, used 109342K [0x0000000083000000, 0x000000008ce80000, 0x00000000d6580000)
  object space 162304K, 67% used [0x0000000083000000,0x0000000089ac7918,0x000000008ce80000)
 Metaspace       used 47946K, capacity 48453K, committed 49068K, reserved 1091584K
  class space    used 6307K, capacity 6473K, committed 6572K, reserved 1048576K
}
Event: 36.044 GC heap before
{Heap before GC invocations=25 (full 3):
 PSYoungGen      total 432640K, used 416199K [0x00000000d6580000, 0x00000000f5e80000, 0x0000000100000000)
  eden space 398336K, 100% used [0x00000000d6580000,0x00000000eea80000,0x00000000eea80000)
  from space 34304K, 52% used [0x00000000eea80000,0x00000000efbf1d70,0x00000000f0c00000)
  to   space 34304K, 0% used [0x00000000f3d00000,0x00000000f3d00000,0x00000000f5e80000)
 ParOldGen       total 162304K, used 109342K [0x0000000083000000, 0x000000008ce80000, 0x00000000d6580000)
  object space 162304K, 67% used [0x0000000083000000,0x0000000089ac7918,0x000000008ce80000)
 Metaspace       used 49716K, capacity 50317K, committed 50732K, reserved 1093632K
  class space    used 6474K, capacity 6639K, committed 6700K, reserved 1048576K
Event: 36.080 GC heap after
Heap after GC invocations=25 (full 3):
 PSYoungGen      total 474624K, used 34298K [0x00000000d6580000, 0x00000000f6d00000, 0x0000000100000000)
  eden space 440320K, 0% used [0x00000000d6580000,0x00000000d6580000,0x00000000f1380000)
  from space 34304K, 99% used [0x00000000f3d00000,0x00000000f5e7eb78,0x00000000f5e80000)
  to   space 42496K, 0% used [0x00000000f1380000,0x00000000f1380000,0x00000000f3d00000)
 ParOldGen       total 162304K, used 116560K [0x0000000083000000, 0x000000008ce80000, 0x00000000d6580000)
  object space 162304K, 71% used [0x0000000083000000,0x000000008a1d4330,0x000000008ce80000)
 Metaspace       used 49716K, capacity 50317K, committed 50732K, reserved 1093632K
  class space    used 6474K, capacity 6639K, committed 6700K, reserved 1048576K
}
Event: 40.304 GC heap before
{Heap before GC invocations=26 (full 3):
 PSYoungGen      total 474624K, used 474618K [0x00000000d6580000, 0x00000000f6d00000, 0x0000000100000000)
  eden space 440320K, 100% used [0x00000000d6580000,0x00000000f1380000,0x00000000f1380000)
  from space 34304K, 99% used [0x00000000f3d00000,0x00000000f5e7eb78,0x00000000f5e80000)
  to   space 42496K, 0% used [0x00000000f1380000,0x00000000f1380000,0x00000000f3d00000)
 ParOldGen       total 162304K, used 116560K [0x0000000083000000, 0x000000008ce80000, 0x00000000d6580000)
  object space 162304K, 71% used [0x0000000083000000,0x000000008a1d4330,0x000000008ce80000)
 Metaspace       used 54292K, capacity 55189K, committed 55596K, reserved 1097728K
  class space    used 7090K, capacity 7361K, committed 7468K, reserved 1048576K
Event: 40.372 GC heap after
Heap after GC invocations=26 (full 3):
 PSYoungGen      total 482816K, used 42474K [0x00000000d6580000, 0x00000000fdc80000, 0x0000000100000000)
  eden space 440320K, 0% used [0x00000000d6580000,0x00000000d6580000,0x00000000f1380000)
  from space 42496K, 99% used [0x00000000f1380000,0x00000000f3cfa838,0x00000000f3d00000)
  to   space 72704K, 0% used [0x00000000f9580000,0x00000000f9580000,0x00000000fdc80000)
 ParOldGen       total 180224K, used 179734K [0x0000000083000000, 0x000000008e000000, 0x00000000d6580000)
  object space 180224K, 99% used [0x0000000083000000,0x000000008df85b50,0x000000008e000000)
 Metaspace       used 54292K, capacity 55189K, committed 55596K, reserved 1097728K
  class space    used 7090K, capacity 7361K, committed 7468K, reserved 1048576K
}
Event: 40.372 GC heap before
{Heap before GC invocations=27 (full 4):
 PSYoungGen      total 482816K, used 42474K [0x00000000d6580000, 0x00000000fdc80000, 0x0000000100000000)
  eden space 440320K, 0% used [0x00000000d6580000,0x00000000d6580000,0x00000000f1380000)
  from space 42496K, 99% used [0x00000000f1380000,0x00000000f3cfa838,0x00000000f3d00000)
  to   space 72704K, 0% used [0x00000000f9580000,0x00000000f9580000,0x00000000fdc80000)
 ParOldGen       total 180224K, used 179734K [0x0000000083000000, 0x000000008e000000, 0x00000000d6580000)
  object space 180224K, 99% used [0x0000000083000000,0x000000008df85b50,0x000000008e000000)
 Metaspace       used 54292K, capacity 55189K, committed 55596K, reserved 1097728K
  class space    used 7090K, capacity 7361K, committed 7468K, reserved 1048576K
Event: 40.744 GC heap after
Heap after GC invocations=27 (full 4):
 PSYoungGen      total 482816K, used 12720K [0x00000000d6580000, 0x00000000fdc80000, 0x0000000100000000)
  eden space 440320K, 0% used [0x00000000d6580000,0x00000000d6580000,0x00000000f1380000)
  from space 42496K, 29% used [0x00000000f1380000,0x00000000f1fec108,0x00000000f3d00000)
  to   space 72704K, 0% used [0x00000000f9580000,0x00000000f9580000,0x00000000fdc80000)
 ParOldGen       total 314880K, used 180009K [0x0000000083000000, 0x0000000096380000, 0x00000000d6580000)
  object space 314880K, 57% used [0x0000000083000000,0x000000008dfca7a8,0x0000000096380000)
 Metaspace       used 54292K, capacity 55189K, committed 55596K, reserved 1097728K
  class space    used 7090K, capacity 7361K, committed 7468K, reserved 1048576K
}

