# JRE version: Java(TM) SE Runtime Environment (8.0_301-b09) (build 1.8.0_301-b09)
# Java VM: Java HotSpot(TM) 64-Bit Server VM (25.301-b09 mixed mode windows-amd64 compressed oops)
Heap:
 PSYoungGen      total 584704K, used 303215K [0x00000000d6580000, 0x0000000100000000, 0x0000000100000000)
  eden space 485376K, 53% used [0x00000000d6580000,0x00000000e60dc790,0x00000000f3f80000)
  from space 99328K, 46% used [0x00000000f9f00000,0x00000000fcbbf5f8,0x0000000100000000)
  to   space 97792K, 0% used [0x00000000f3f80000,0x00000000f3f80000,0x00000000f9f00000)
 ParOldGen       total 335360K, used 268734K [0x0000000083000000, 0x0000000097780000, 0x00000000d6580000)
  object space 335360K, 80% used [0x0000000083000000,0x000000009366fb80,0x0000000097780000)
 Metaspace       used 67061K, capacity 68489K, committed 68736K, reserved 1110016K
  class space    used 8502K, capacity 8796K, committed 8832K, reserved 1048576K
GC Heap History (10 events):
Event: 87.743 GC heap before
{Heap before GC invocations=31 (full 6):
 PSYoungGen      total 553472K, used 0K [0x00000000d6580000, 0x00000000fd180000, 0x0000000100000000)
  eden space 474112K, 0% used [0x00000000d6580000,0x00000000d6580000,0x00000000f3480000)
  from space 79360K, 0% used [0x00000000f3480000,0x00000000f3480000,0x00000000f8200000)
  to   space 78848K, 0% used [0x00000000f8480000,0x00000000f8480000,0x00000000fd180000)
 ParOldGen       total 335360K, used 195576K [0x0000000083000000, 0x0000000097780000, 0x00000000d6580000)
  object space 335360K, 58% used [0x0000000083000000,0x000000008eefe2a0,0x0000000097780000)
 Metaspace       used 57237K, capacity 58445K, committed 58752K, reserved 1099776K
  class space    used 7428K, capacity 7716K, committed 7808K, reserved 1048576K
Event: 87.840 GC heap after
Heap after GC invocations=31 (full 6):
 PSYoungGen      total 553472K, used 0K [0x00000000d6580000, 0x00000000fd180000, 0x0000000100000000)
  eden space 474112K, 0% used [0x00000000d6580000,0x00000000d6580000,0x00000000f3480000)
  from space 79360K, 0% used [0x00000000f3480000,0x00000000f3480000,0x00000000f8200000)
  to   space 78848K, 0% used [0x00000000f8480000,0x00000000f8480000,0x00000000fd180000)
 ParOldGen       total 335360K, used 195576K [0x0000000083000000, 0x0000000097780000, 0x00000000d6580000)
  object space 335360K, 58% used [0x0000000083000000,0x000000008eefe278,0x0000000097780000)
 Metaspace       used 57237K, capacity 58445K, committed 58752K, reserved 1099776K
  class space    used 7428K, capacity 7716K, committed 7808K, reserved 1048576K
}
Event: 91.293 GC heap before
{Heap before GC invocations=32 (full 6):
 PSYoungGen      total 553472K, used 474112K [0x00000000d6580000, 0x00000000fd180000, 0x0000000100000000)
  eden space 474112K, 100% used [0x00000000d6580000,0x00000000f3480000,0x00000000f3480000)
  from space 79360K, 0% used [0x00000000f3480000,0x00000000f3480000,0x00000000f8200000)
  to   space 78848K, 0% used [0x00000000f8480000,0x00000000f8480000,0x00000000fd180000)
 ParOldGen       total 335360K, used 195576K [0x0000000083000000, 0x0000000097780000, 0x00000000d6580000)
  object space 335360K, 58% used [0x0000000083000000,0x000000008eefe278,0x0000000097780000)
 Metaspace       used 63040K, capacity 64355K, committed 64512K, reserved 1105920K
  class space    used 8129K, capacity 8417K, committed 8448K, reserved 1048576K
Event: 91.323 GC heap after
Heap after GC invocations=32 (full 6):
 PSYoungGen      total 549376K, used 57260K [0x00000000d6580000, 0x0000000100000000, 0x0000000100000000)
  eden space 470528K, 0% used [0x00000000d6580000,0x00000000d6580000,0x00000000f3100000)
  from space 78848K, 72% used [0x00000000f8480000,0x00000000fbc6b000,0x00000000fd180000)
  to   space 85504K, 0% used [0x00000000f3100000,0x00000000f3100000,0x00000000f8480000)
 ParOldGen       total 335360K, used 195584K [0x0000000083000000, 0x0000000097780000, 0x00000000d6580000)
  object space 335360K, 58% used [0x0000000083000000,0x000000008ef00278,0x0000000097780000)
 Metaspace       used 63040K, capacity 64355K, committed 64512K, reserved 1105920K
  class space    used 8129K, capacity 8417K, committed 8448K, reserved 1048576K
}
Event: 92.980 GC heap before
{Heap before GC invocations=33 (full 6):
 PSYoungGen      total 549376K, used 251999K [0x00000000d6580000, 0x0000000100000000, 0x0000000100000000)
  eden space 470528K, 41% used [0x00000000d6580000,0x00000000e23acc50,0x00000000f3100000)
  from space 78848K, 72% used [0x00000000f8480000,0x00000000fbc6b000,0x00000000fd180000)
  to   space 85504K, 0% used [0x00000000f3100000,0x00000000f3100000,0x00000000f8480000)
 ParOldGen       total 335360K, used 195584K [0x0000000083000000, 0x0000000097780000, 0x00000000d6580000)
  object space 335360K, 58% used [0x0000000083000000,0x000000008ef00278,0x0000000097780000)
 Metaspace       used 65378K, capacity 66699K, committed 66944K, reserved 1107968K
  class space    used 8413K, capacity 8745K, committed 8832K, reserved 1048576K
Event: 93.018 GC heap after
Heap after GC invocations=33 (full 6):
 PSYoungGen      total 556032K, used 80233K [0x00000000d6580000, 0x0000000100000000, 0x0000000100000000)
  eden space 470528K, 0% used [0x00000000d6580000,0x00000000d6580000,0x00000000f3100000)
  from space 85504K, 93% used [0x00000000f3100000,0x00000000f7f5a790,0x00000000f8480000)
  to   space 99328K, 0% used [0x00000000f9f00000,0x00000000f9f00000,0x0000000100000000)
 ParOldGen       total 335360K, used 195592K [0x0000000083000000, 0x0000000097780000, 0x00000000d6580000)
  object space 335360K, 58% used [0x0000000083000000,0x000000008ef02278,0x0000000097780000)
 Metaspace       used 65378K, capacity 66699K, committed 66944K, reserved 1107968K
  class space    used 8413K, capacity 8745K, committed 8832K, reserved 1048576K
}
Event: 93.018 GC heap before
{Heap before GC invocations=34 (full 7):
 PSYoungGen      total 556032K, used 80233K [0x00000000d6580000, 0x0000000100000000, 0x0000000100000000)
  eden space 470528K, 0% used [0x00000000d6580000,0x00000000d6580000,0x00000000f3100000)
  from space 85504K, 93% used [0x00000000f3100000,0x00000000f7f5a790,0x00000000f8480000)
  to   space 99328K, 0% used [0x00000000f9f00000,0x00000000f9f00000,0x0000000100000000)
 ParOldGen       total 335360K, used 195592K [0x0000000083000000, 0x0000000097780000, 0x00000000d6580000)
  object space 335360K, 58% used [0x0000000083000000,0x000000008ef02278,0x0000000097780000)
 Metaspace       used 65378K, capacity 66699K, committed 66944K, reserved 1107968K
  class space    used 8413K, capacity 8745K, committed 8832K, reserved 1048576K
Event: 93.345 GC heap after
Heap after GC invocations=34 (full 7):
 PSYoungGen      total 556032K, used 0K [0x00000000d6580000, 0x0000000100000000, 0x0000000100000000)
  eden space 470528K, 0% used [0x00000000d6580000,0x00000000d6580000,0x00000000f3100000)
  from space 85504K, 0% used [0x00000000f3100000,0x00000000f3100000,0x00000000f8480000)
  to   space 99328K, 0% used [0x00000000f9f00000,0x00000000f9f00000,0x0000000100000000)
 ParOldGen       total 335360K, used 268726K [0x0000000083000000, 0x0000000097780000, 0x00000000d6580000)
  object space 335360K, 80% used [0x0000000083000000,0x000000009366db80,0x0000000097780000)
 Metaspace       used 65378K, capacity 66699K, committed 66944K, reserved 1107968K
  class space    used 8413K, capacity 8745K, committed 8832K, reserved 1048576K
}
Event: 95.130 GC heap before
{Heap before GC invocations=35 (full 7):
 PSYoungGen      total 556032K, used 470528K [0x00000000d6580000, 0x0000000100000000, 0x0000000100000000)
  eden space 470528K, 100% used [0x00000000d6580000,0x00000000f3100000,0x00000000f3100000)
  from space 85504K, 0% used [0x00000000f3100000,0x00000000f3100000,0x00000000f8480000)
  to   space 99328K, 0% used [0x00000000f9f00000,0x00000000f9f00000,0x0000000100000000)
 ParOldGen       total 335360K, used 268726K [0x0000000083000000, 0x0000000097780000, 0x00000000d6580000)
  object space 335360K, 80% used [0x0000000083000000,0x000000009366db80,0x0000000097780000)
 Metaspace       used 66556K, capacity 67907K, committed 68224K, reserved 1107968K
  class space    used 8502K, capacity 8795K, committed 8832K, reserved 1048576K
Event: 95.149 GC heap after
Heap after GC invocations=35 (full 7):
 PSYoungGen      total 584704K, used 45821K [0x00000000d6580000, 0x0000000100000000, 0x0000000100000000)
  eden space 485376K, 0% used [0x00000000d6580000,0x00000000d6580000,0x00000000f3f80000)
  from space 99328K, 46% used [0x00000000f9f00000,0x00000000fcbbf5f8,0x0000000100000000)
  to   space 97792K, 0% used [0x00000000f3f80000,0x00000000f3f80000,0x00000000f9f00000)
 ParOldGen       total 335360K, used 268734K [0x0000000083000000, 0x0000000097780000, 0x00000000d6580000)
  object space 335360K, 80% used [0x0000000083000000,0x000000009366fb80,0x0000000097780000)
 Metaspace       used 66556K, capacity 67907K, committed 68224K, reserved 1107968K
  class space    used 8502K, capacity 8795K, committed 8832K, reserved 1048576K
}

