# JRE version: Java(TM) SE Runtime Environment (8.0_301-b09) (build 1.8.0_301-b09)
# Java VM: Java HotSpot(TM) 64-Bit Server VM (25.301-b09 mixed mode windows-amd64 compressed oops)
Heap:
 PSYoungGen      total 607744K, used 333409K [0x0000000780000000, 0x00000007aef00000, 0x00000007c0000000)
  eden space 556032K, 59% used [0x0000000780000000,0x0000000794598468,0x00000007a1f00000)
  from space 51712K, 0% used [0x00000007a1f00000,0x00000007a1f00000,0x00000007a5180000)
  to   space 50176K, 0% used [0x00000007abe00000,0x00000007abe00000,0x00000007aef00000)
 ParOldGen       total 1711104K, used 33064K [0x0000000700000000, 0x0000000768700000, 0x0000000780000000)
  object space 1711104K, 1% used [0x0000000700000000,0x000000070204a1a0,0x0000000768700000)
 Metaspace       used 58694K, capacity 59730K, committed 59816K, reserved 1101824K
  class space    used 7812K, capacity 8088K, committed 8112K, reserved 1048576K
GC Heap History (10 events):
Event: 1212.064 GC heap before
{Heap before GC invocations=987 (full 956):
 PSYoungGen      total 607744K, used 556032K [0x0000000780000000, 0x00000007aef00000, 0x00000007c0000000)
  eden space 556032K, 100% used [0x0000000780000000,0x00000007a1f00000,0x00000007a1f00000)
  from space 51712K, 0% used [0x00000007a1f00000,0x00000007a1f00000,0x00000007a5180000)
  to   space 50176K, 0% used [0x00000007abe00000,0x00000007abe00000,0x00000007aef00000)
 ParOldGen       total 528384K, used 528027K [0x0000000700000000, 0x0000000720400000, 0x0000000780000000)
  object space 528384K, 99% used [0x0000000700000000,0x00000007203a6c48,0x0000000720400000)
 Metaspace       used 58355K, capacity 59378K, committed 59560K, reserved 1101824K
  class space    used 7789K, capacity 8056K, committed 8112K, reserved 1048576K
Event: 1213.316 GC heap after
Heap after GC invocations=987 (full 956):
 PSYoungGen      total 607744K, used 514843K [0x0000000780000000, 0x00000007aef00000, 0x00000007c0000000)
  eden space 556032K, 92% used [0x0000000780000000,0x000000079f6c6ca0,0x00000007a1f00000)
  from space 51712K, 0% used [0x00000007a1f00000,0x00000007a1f00000,0x00000007a5180000)
  to   space 50176K, 0% used [0x00000007abe00000,0x00000007abe00000,0x00000007aef00000)
 ParOldGen       total 528384K, used 528027K [0x0000000700000000, 0x0000000720400000, 0x0000000780000000)
  object space 528384K, 99% used [0x0000000700000000,0x00000007203a6c48,0x0000000720400000)
 Metaspace       used 58355K, capacity 59378K, committed 59560K, reserved 1101824K
  class space    used 7789K, capacity 8056K, committed 8112K, reserved 1048576K
}
Event: 1213.456 GC heap before
{Heap before GC invocations=988 (full 957):
 PSYoungGen      total 607744K, used 556032K [0x0000000780000000, 0x00000007aef00000, 0x00000007c0000000)
  eden space 556032K, 100% used [0x0000000780000000,0x00000007a1f00000,0x00000007a1f00000)
  from space 51712K, 0% used [0x00000007a1f00000,0x00000007a1f00000,0x00000007a5180000)
  to   space 50176K, 0% used [0x00000007abe00000,0x00000007abe00000,0x00000007aef00000)
 ParOldGen       total 528384K, used 528027K [0x0000000700000000, 0x0000000720400000, 0x0000000780000000)
  object space 528384K, 99% used [0x0000000700000000,0x00000007203a6c48,0x0000000720400000)
 Metaspace       used 58355K, capacity 59378K, committed 59560K, reserved 1101824K
  class space    used 7789K, capacity 8056K, committed 8112K, reserved 1048576K
Event: 1214.688 GC heap after
Heap after GC invocations=988 (full 957):
 PSYoungGen      total 607744K, used 515437K [0x0000000780000000, 0x00000007aef00000, 0x00000007c0000000)
  eden space 556032K, 92% used [0x0000000780000000,0x000000079f75b4b8,0x00000007a1f00000)
  from space 51712K, 0% used [0x00000007a1f00000,0x00000007a1f00000,0x00000007a5180000)
  to   space 50176K, 0% used [0x00000007abe00000,0x00000007abe00000,0x00000007aef00000)
 ParOldGen       total 528384K, used 528027K [0x0000000700000000, 0x0000000720400000, 0x0000000780000000)
  object space 528384K, 99% used [0x0000000700000000,0x00000007203a6c48,0x0000000720400000)
 Metaspace       used 58355K, capacity 59378K, committed 59560K, reserved 1101824K
  class space    used 7789K, capacity 8056K, committed 8112K, reserved 1048576K
}
Event: 1214.814 GC heap before
{Heap before GC invocations=989 (full 958):
 PSYoungGen      total 607744K, used 556032K [0x0000000780000000, 0x00000007aef00000, 0x00000007c0000000)
  eden space 556032K, 100% used [0x0000000780000000,0x00000007a1f00000,0x00000007a1f00000)
  from space 51712K, 0% used [0x00000007a1f00000,0x00000007a1f00000,0x00000007a5180000)
  to   space 50176K, 0% used [0x00000007abe00000,0x00000007abe00000,0x00000007aef00000)
 ParOldGen       total 528384K, used 528027K [0x0000000700000000, 0x0000000720400000, 0x0000000780000000)
  object space 528384K, 99% used [0x0000000700000000,0x00000007203a6c48,0x0000000720400000)
 Metaspace       used 58358K, capacity 59378K, committed 59560K, reserved 1101824K
  class space    used 7789K, capacity 8056K, committed 8112K, reserved 1048576K
Event: 1215.913 GC heap after
Heap after GC invocations=989 (full 958):
 PSYoungGen      total 607744K, used 514237K [0x0000000780000000, 0x00000007aef00000, 0x00000007c0000000)
  eden space 556032K, 92% used [0x0000000780000000,0x000000079f62f538,0x00000007a1f00000)
  from space 51712K, 0% used [0x00000007a1f00000,0x00000007a1f00000,0x00000007a5180000)
  to   space 50176K, 0% used [0x00000007abe00000,0x00000007abe00000,0x00000007aef00000)
 ParOldGen       total 528384K, used 528027K [0x0000000700000000, 0x0000000720400000, 0x0000000780000000)
  object space 528384K, 99% used [0x0000000700000000,0x00000007203a6c48,0x0000000720400000)
 Metaspace       used 58358K, capacity 59378K, committed 59560K, reserved 1101824K
  class space    used 7789K, capacity 8056K, committed 8112K, reserved 1048576K
}
Event: 1216.017 GC heap before
{Heap before GC invocations=990 (full 959):
 PSYoungGen      total 607744K, used 556032K [0x0000000780000000, 0x00000007aef00000, 0x00000007c0000000)
  eden space 556032K, 100% used [0x0000000780000000,0x00000007a1f00000,0x00000007a1f00000)
  from space 51712K, 0% used [0x00000007a1f00000,0x00000007a1f00000,0x00000007a5180000)
  to   space 50176K, 0% used [0x00000007abe00000,0x00000007abe00000,0x00000007aef00000)
 ParOldGen       total 528384K, used 528027K [0x0000000700000000, 0x0000000720400000, 0x0000000780000000)
  object space 528384K, 99% used [0x0000000700000000,0x00000007203a6c48,0x0000000720400000)
 Metaspace       used 58358K, capacity 59378K, committed 59560K, reserved 1101824K
  class space    used 7789K, capacity 8056K, committed 8112K, reserved 1048576K
Event: 1217.232 GC heap after
Heap after GC invocations=990 (full 959):
 PSYoungGen      total 607744K, used 514988K [0x0000000780000000, 0x00000007aef00000, 0x00000007c0000000)
  eden space 556032K, 92% used [0x0000000780000000,0x000000079f6eb0a0,0x00000007a1f00000)
  from space 51712K, 0% used [0x00000007a1f00000,0x00000007a1f00000,0x00000007a5180000)
  to   space 50176K, 0% used [0x00000007abe00000,0x00000007abe00000,0x00000007aef00000)
 ParOldGen       total 528384K, used 528027K [0x0000000700000000, 0x0000000720400000, 0x0000000780000000)
  object space 528384K, 99% used [0x0000000700000000,0x00000007203a6c48,0x0000000720400000)
 Metaspace       used 58358K, capacity 59378K, committed 59560K, reserved 1101824K
  class space    used 7789K, capacity 8056K, committed 8112K, reserved 1048576K
}
Event: 1218.404 GC heap before
{Heap before GC invocations=991 (full 960):
 PSYoungGen      total 607744K, used 556032K [0x0000000780000000, 0x00000007aef00000, 0x00000007c0000000)
  eden space 556032K, 100% used [0x0000000780000000,0x00000007a1f00000,0x00000007a1f00000)
  from space 51712K, 0% used [0x00000007a1f00000,0x00000007a1f00000,0x00000007a5180000)
  to   space 50176K, 0% used [0x00000007abe00000,0x00000007abe00000,0x00000007aef00000)
 ParOldGen       total 528384K, used 528027K [0x0000000700000000, 0x0000000720400000, 0x0000000780000000)
  object space 528384K, 99% used [0x0000000700000000,0x00000007203a6c48,0x0000000720400000)
 Metaspace       used 58379K, capacity 59410K, committed 59560K, reserved 1101824K
  class space    used 7793K, capacity 8088K, committed 8112K, reserved 1048576K
Event: 1218.506 GC heap after
Heap after GC invocations=991 (full 960):
 PSYoungGen      total 607744K, used 0K [0x0000000780000000, 0x00000007aef00000, 0x00000007c0000000)
  eden space 556032K, 0% used [0x0000000780000000,0x0000000780000000,0x00000007a1f00000)
  from space 51712K, 0% used [0x00000007a1f00000,0x00000007a1f00000,0x00000007a5180000)
  to   space 50176K, 0% used [0x00000007abe00000,0x00000007abe00000,0x00000007aef00000)
 ParOldGen       total 1711104K, used 33064K [0x0000000700000000, 0x0000000768700000, 0x0000000780000000)
  object space 1711104K, 1% used [0x0000000700000000,0x000000070204a1a0,0x0000000768700000)
 Metaspace       used 58379K, capacity 59410K, committed 59560K, reserved 1101824K
  class space    used 7793K, capacity 8088K, committed 8112K, reserved 1048576K
}

