# JRE version: Java(TM) SE Runtime Environment (8.0_301-b09) (build 1.8.0_301-b09)
# Java VM: Java HotSpot(TM) 64-Bit Server VM (25.301-b09 mixed mode windows-amd64 compressed oops)
Heap:
 PSYoungGen      total 585216K, used 34791K [0x00000000d6580000, 0x0000000100000000, 0x0000000100000000)
  eden space 485888K, 7% used [0x00000000d6580000,0x00000000d8779d58,0x00000000f4000000)
  from space 99328K, 0% used [0x00000000f9f00000,0x00000000f9f00000,0x0000000100000000)
  to   space 97280K, 0% used [0x00000000f4000000,0x00000000f4000000,0x00000000f9f00000)
 ParOldGen       total 314368K, used 251599K [0x0000000083000000, 0x0000000096300000, 0x00000000d6580000)
  object space 314368K, 80% used [0x0000000083000000,0x00000000925b3f88,0x0000000096300000)
 Metaspace       used 64267K, capacity 65575K, committed 65920K, reserved 1105920K
  class space    used 8204K, capacity 8509K, committed 8576K, reserved 1048576K
GC Heap History (10 events):
Event: 60.970 GC heap before
{Heap before GC invocations=32 (full 6):
 PSYoungGen      total 587264K, used 494592K [0x00000000d6580000, 0x0000000100000000, 0x0000000100000000)
  eden space 494592K, 100% used [0x00000000d6580000,0x00000000f4880000,0x00000000f4880000)
  from space 92672K, 0% used [0x00000000f4880000,0x00000000f4880000,0x00000000fa300000)
  to   space 91648K, 0% used [0x00000000fa680000,0x00000000fa680000,0x0000000100000000)
 ParOldGen       total 314368K, used 206090K [0x0000000083000000, 0x0000000096300000, 0x00000000d6580000)
  object space 314368K, 65% used [0x0000000083000000,0x000000008f942b20,0x0000000096300000)
 Metaspace       used 62346K, capacity 63579K, committed 63872K, reserved 1105920K
  class space    used 8003K, capacity 8301K, committed 8320K, reserved 1048576K
Event: 61.003 GC heap after
Heap after GC invocations=32 (full 6):
 PSYoungGen      total 581632K, used 57855K [0x00000000d6580000, 0x0000000100000000, 0x0000000100000000)
  eden space 489984K, 0% used [0x00000000d6580000,0x00000000d6580000,0x00000000f4400000)
  from space 91648K, 63% used [0x00000000fa680000,0x00000000fdeffc48,0x0000000100000000)
  to   space 96256K, 0% used [0x00000000f4400000,0x00000000f4400000,0x00000000fa200000)
 ParOldGen       total 314368K, used 206098K [0x0000000083000000, 0x0000000096300000, 0x00000000d6580000)
  object space 314368K, 65% used [0x0000000083000000,0x000000008f944b20,0x0000000096300000)
 Metaspace       used 62346K, capacity 63579K, committed 63872K, reserved 1105920K
  class space    used 8003K, capacity 8301K, committed 8320K, reserved 1048576K
}
Event: 62.340 GC heap before
{Heap before GC invocations=33 (full 6):
 PSYoungGen      total 581632K, used 166584K [0x00000000d6580000, 0x0000000100000000, 0x0000000100000000)
  eden space 489984K, 22% used [0x00000000d6580000,0x00000000dcfae420,0x00000000f4400000)
  from space 91648K, 63% used [0x00000000fa680000,0x00000000fdeffc48,0x0000000100000000)
  to   space 96256K, 0% used [0x00000000f4400000,0x00000000f4400000,0x00000000fa200000)
 ParOldGen       total 314368K, used 206098K [0x0000000083000000, 0x0000000096300000, 0x00000000d6580000)
  object space 314368K, 65% used [0x0000000083000000,0x000000008f944b20,0x0000000096300000)
 Metaspace       used 64048K, capacity 65307K, committed 65664K, reserved 1105920K
  class space    used 8196K, capacity 8507K, committed 8576K, reserved 1048576K
Event: 62.356 GC heap after
Heap after GC invocations=33 (full 6):
 PSYoungGen      total 546816K, used 56520K [0x00000000d6580000, 0x0000000100000000, 0x0000000100000000)
  eden space 489984K, 0% used [0x00000000d6580000,0x00000000d6580000,0x00000000f4400000)
  from space 56832K, 99% used [0x00000000f4400000,0x00000000f7b32388,0x00000000f7b80000)
  to   space 99328K, 0% used [0x00000000f9f00000,0x00000000f9f00000,0x0000000100000000)
 ParOldGen       total 314368K, used 206106K [0x0000000083000000, 0x0000000096300000, 0x00000000d6580000)
  object space 314368K, 65% used [0x0000000083000000,0x000000008f946b20,0x0000000096300000)
 Metaspace       used 64048K, capacity 65307K, committed 65664K, reserved 1105920K
  class space    used 8196K, capacity 8507K, committed 8576K, reserved 1048576K
}
Event: 62.356 GC heap before
{Heap before GC invocations=34 (full 7):
 PSYoungGen      total 546816K, used 56520K [0x00000000d6580000, 0x0000000100000000, 0x0000000100000000)
  eden space 489984K, 0% used [0x00000000d6580000,0x00000000d6580000,0x00000000f4400000)
  from space 56832K, 99% used [0x00000000f4400000,0x00000000f7b32388,0x00000000f7b80000)
  to   space 99328K, 0% used [0x00000000f9f00000,0x00000000f9f00000,0x0000000100000000)
 ParOldGen       total 314368K, used 206106K [0x0000000083000000, 0x0000000096300000, 0x00000000d6580000)
  object space 314368K, 65% used [0x0000000083000000,0x000000008f946b20,0x0000000096300000)
 Metaspace       used 64048K, capacity 65307K, committed 65664K, reserved 1105920K
  class space    used 8196K, capacity 8507K, committed 8576K, reserved 1048576K
Event: 62.584 GC heap after
Heap after GC invocations=34 (full 7):
 PSYoungGen      total 546816K, used 0K [0x00000000d6580000, 0x0000000100000000, 0x0000000100000000)
  eden space 489984K, 0% used [0x00000000d6580000,0x00000000d6580000,0x00000000f4400000)
  from space 56832K, 0% used [0x00000000f4400000,0x00000000f4400000,0x00000000f7b80000)
  to   space 99328K, 0% used [0x00000000f9f00000,0x00000000f9f00000,0x0000000100000000)
 ParOldGen       total 314368K, used 246270K [0x0000000083000000, 0x0000000096300000, 0x00000000d6580000)
  object space 314368K, 78% used [0x0000000083000000,0x000000009207f838,0x0000000096300000)
 Metaspace       used 64048K, capacity 65307K, committed 65664K, reserved 1105920K
  class space    used 8196K, capacity 8507K, committed 8576K, reserved 1048576K
}
Event: 62.635 GC heap before
{Heap before GC invocations=35 (full 7):
 PSYoungGen      total 546816K, used 21046K [0x00000000d6580000, 0x0000000100000000, 0x0000000100000000)
  eden space 489984K, 4% used [0x00000000d6580000,0x00000000d7a0d828,0x00000000f4400000)
  from space 56832K, 0% used [0x00000000f4400000,0x00000000f4400000,0x00000000f7b80000)
  to   space 99328K, 0% used [0x00000000f9f00000,0x00000000f9f00000,0x0000000100000000)
 ParOldGen       total 314368K, used 246270K [0x0000000083000000, 0x0000000096300000, 0x00000000d6580000)
  object space 314368K, 78% used [0x0000000083000000,0x000000009207f838,0x0000000096300000)
 Metaspace       used 64156K, capacity 65435K, committed 65664K, reserved 1105920K
  class space    used 8202K, capacity 8507K, committed 8576K, reserved 1048576K
Event: 62.638 GC heap after
Heap after GC invocations=35 (full 7):
 PSYoungGen      total 585216K, used 6697K [0x00000000d6580000, 0x0000000100000000, 0x0000000100000000)
  eden space 485888K, 0% used [0x00000000d6580000,0x00000000d6580000,0x00000000f4000000)
  from space 99328K, 6% used [0x00000000f9f00000,0x00000000fa58a5c0,0x0000000100000000)
  to   space 97280K, 0% used [0x00000000f4000000,0x00000000f4000000,0x00000000f9f00000)
 ParOldGen       total 314368K, used 246278K [0x0000000083000000, 0x0000000096300000, 0x00000000d6580000)
  object space 314368K, 78% used [0x0000000083000000,0x0000000092081838,0x0000000096300000)
 Metaspace       used 64156K, capacity 65435K, committed 65664K, reserved 1105920K
  class space    used 8202K, capacity 8507K, committed 8576K, reserved 1048576K
}
Event: 62.638 GC heap before
{Heap before GC invocations=36 (full 8):
 PSYoungGen      total 585216K, used 6697K [0x00000000d6580000, 0x0000000100000000, 0x0000000100000000)
  eden space 485888K, 0% used [0x00000000d6580000,0x00000000d6580000,0x00000000f4000000)
  from space 99328K, 6% used [0x00000000f9f00000,0x00000000fa58a5c0,0x0000000100000000)
  to   space 97280K, 0% used [0x00000000f4000000,0x00000000f4000000,0x00000000f9f00000)
 ParOldGen       total 314368K, used 246278K [0x0000000083000000, 0x0000000096300000, 0x00000000d6580000)
  object space 314368K, 78% used [0x0000000083000000,0x0000000092081838,0x0000000096300000)
 Metaspace       used 64156K, capacity 65435K, committed 65664K, reserved 1105920K
  class space    used 8202K, capacity 8507K, committed 8576K, reserved 1048576K
Event: 62.965 GC heap after
Heap after GC invocations=36 (full 8):
 PSYoungGen      total 585216K, used 0K [0x00000000d6580000, 0x0000000100000000, 0x0000000100000000)
  eden space 485888K, 0% used [0x00000000d6580000,0x00000000d6580000,0x00000000f4000000)
  from space 99328K, 0% used [0x00000000f9f00000,0x00000000f9f00000,0x0000000100000000)
  to   space 97280K, 0% used [0x00000000f4000000,0x00000000f4000000,0x00000000f9f00000)
 ParOldGen       total 314368K, used 251599K [0x0000000083000000, 0x0000000096300000, 0x00000000d6580000)
  object space 314368K, 80% used [0x0000000083000000,0x00000000925b3f88,0x0000000096300000)
 Metaspace       used 64156K, capacity 65435K, committed 65664K, reserved 1105920K
  class space    used 8202K, capacity 8507K, committed 8576K, reserved 1048576K
}

