# JRE version: Java(TM) SE Runtime Environment (8.0_301-b09) (build 1.8.0_301-b09)
# Java VM: Java HotSpot(TM) 64-Bit Server VM (25.301-b09 mixed mode windows-amd64 compressed oops)
Heap:
 PSYoungGen      total 535040K, used 386513K [0x00000000d6580000, 0x00000000fc080000, 0x0000000100000000)
  eden space 455680K, 84% used [0x00000000d6580000,0x00000000edef44b8,0x00000000f2280000)
  from space 79360K, 0% used [0x00000000f2280000,0x00000000f2280000,0x00000000f7000000)
  to   space 78848K, 0% used [0x00000000f7380000,0x00000000f7380000,0x00000000fc080000)
 ParOldGen       total 339456K, used 196831K [0x0000000083000000, 0x0000000097b80000, 0x00000000d6580000)
  object space 339456K, 57% used [0x0000000083000000,0x000000008f037ef0,0x0000000097b80000)
 Metaspace       used 61375K, capacity 62657K, committed 62848K, reserved 1103872K
  class space    used 7935K, capacity 8246K, committed 8320K, reserved 1048576K
GC Heap History (10 events):
Event: 29.845 GC heap before
{Heap before GC invocations=27 (full 4):
 PSYoungGen      total 460800K, used 51197K [0x00000000d6580000, 0x00000000fbf00000, 0x0000000100000000)
  eden space 409600K, 0% used [0x00000000d6580000,0x00000000d6580000,0x00000000ef580000)
  from space 51200K, 99% used [0x00000000ef580000,0x00000000f277f7c0,0x00000000f2780000)
  to   space 80896K, 0% used [0x00000000f7000000,0x00000000f7000000,0x00000000fbf00000)
 ParOldGen       total 197632K, used 187071K [0x0000000083000000, 0x000000008f100000, 0x00000000d6580000)
  object space 197632K, 94% used [0x0000000083000000,0x000000008e6afde0,0x000000008f100000)
 Metaspace       used 55653K, capacity 56803K, committed 57088K, reserved 1099776K
  class space    used 7286K, capacity 7555K, committed 7680K, reserved 1048576K
Event: 30.182 GC heap after
Heap after GC invocations=27 (full 4):
 PSYoungGen      total 460800K, used 1982K [0x00000000d6580000, 0x00000000fbf00000, 0x0000000100000000)
  eden space 409600K, 0% used [0x00000000d6580000,0x00000000d6580000,0x00000000ef580000)
  from space 51200K, 3% used [0x00000000ef580000,0x00000000ef76f9c8,0x00000000f2780000)
  to   space 80896K, 0% used [0x00000000f7000000,0x00000000f7000000,0x00000000fbf00000)
 ParOldGen       total 339456K, used 197024K [0x0000000083000000, 0x0000000097b80000, 0x00000000d6580000)
  object space 339456K, 58% used [0x0000000083000000,0x000000008f068330,0x0000000097b80000)
 Metaspace       used 55653K, capacity 56803K, committed 57088K, reserved 1099776K
  class space    used 7286K, capacity 7555K, committed 7680K, reserved 1048576K
}
Event: 33.640 GC heap before
{Heap before GC invocations=28 (full 4):
 PSYoungGen      total 460800K, used 323175K [0x00000000d6580000, 0x00000000fbf00000, 0x0000000100000000)
  eden space 409600K, 78% used [0x00000000d6580000,0x00000000e9f2a580,0x00000000ef580000)
  from space 51200K, 3% used [0x00000000ef580000,0x00000000ef76f9c8,0x00000000f2780000)
  to   space 80896K, 0% used [0x00000000f7000000,0x00000000f7000000,0x00000000fbf00000)
 ParOldGen       total 339456K, used 197024K [0x0000000083000000, 0x0000000097b80000, 0x00000000d6580000)
  object space 339456K, 58% used [0x0000000083000000,0x000000008f068330,0x0000000097b80000)
 Metaspace       used 57339K, capacity 58441K, committed 58752K, reserved 1099776K
  class space    used 7452K, capacity 7716K, committed 7808K, reserved 1048576K
Event: 33.662 GC heap after
Heap after GC invocations=28 (full 4):
 PSYoungGen      total 536576K, used 6317K [0x00000000d6580000, 0x00000000fc180000, 0x0000000100000000)
  eden space 455680K, 0% used [0x00000000d6580000,0x00000000d6580000,0x00000000f2280000)
  from space 80896K, 7% used [0x00000000f7000000,0x00000000f762b400,0x00000000fbf00000)
  to   space 79360K, 0% used [0x00000000f2280000,0x00000000f2280000,0x00000000f7000000)
 ParOldGen       total 339456K, used 197888K [0x0000000083000000, 0x0000000097b80000, 0x00000000d6580000)
  object space 339456K, 58% used [0x0000000083000000,0x000000008f140330,0x0000000097b80000)
 Metaspace       used 57339K, capacity 58441K, committed 58752K, reserved 1099776K
  class space    used 7452K, capacity 7716K, committed 7808K, reserved 1048576K
}
Event: 33.662 GC heap before
{Heap before GC invocations=29 (full 5):
 PSYoungGen      total 536576K, used 6317K [0x00000000d6580000, 0x00000000fc180000, 0x0000000100000000)
  eden space 455680K, 0% used [0x00000000d6580000,0x00000000d6580000,0x00000000f2280000)
  from space 80896K, 7% used [0x00000000f7000000,0x00000000f762b400,0x00000000fbf00000)
  to   space 79360K, 0% used [0x00000000f2280000,0x00000000f2280000,0x00000000f7000000)
 ParOldGen       total 339456K, used 197888K [0x0000000083000000, 0x0000000097b80000, 0x00000000d6580000)
  object space 339456K, 58% used [0x0000000083000000,0x000000008f140330,0x0000000097b80000)
 Metaspace       used 57339K, capacity 58441K, committed 58752K, reserved 1099776K
  class space    used 7452K, capacity 7716K, committed 7808K, reserved 1048576K
Event: 33.908 GC heap after
Heap after GC invocations=29 (full 5):
 PSYoungGen      total 536576K, used 0K [0x00000000d6580000, 0x00000000fc180000, 0x0000000100000000)
  eden space 455680K, 0% used [0x00000000d6580000,0x00000000d6580000,0x00000000f2280000)
  from space 80896K, 0% used [0x00000000f7000000,0x00000000f7000000,0x00000000fbf00000)
  to   space 79360K, 0% used [0x00000000f2280000,0x00000000f2280000,0x00000000f7000000)
 ParOldGen       total 339456K, used 196831K [0x0000000083000000, 0x0000000097b80000, 0x00000000d6580000)
  object space 339456K, 57% used [0x0000000083000000,0x000000008f037ef0,0x0000000097b80000)
 Metaspace       used 57339K, capacity 58441K, committed 58752K, reserved 1099776K
  class space    used 7452K, capacity 7716K, committed 7808K, reserved 1048576K
}
Event: 33.908 GC heap before
{Heap before GC invocations=30 (full 5):
 PSYoungGen      total 536576K, used 1360K [0x00000000d6580000, 0x00000000fc180000, 0x0000000100000000)
  eden space 455680K, 0% used [0x00000000d6580000,0x00000000d66d4058,0x00000000f2280000)
  from space 80896K, 0% used [0x00000000f7000000,0x00000000f7000000,0x00000000fbf00000)
  to   space 79360K, 0% used [0x00000000f2280000,0x00000000f2280000,0x00000000f7000000)
 ParOldGen       total 339456K, used 196831K [0x0000000083000000, 0x0000000097b80000, 0x00000000d6580000)
  object space 339456K, 57% used [0x0000000083000000,0x000000008f037ef0,0x0000000097b80000)
 Metaspace       used 57339K, capacity 58441K, committed 58752K, reserved 1099776K
  class space    used 7452K, capacity 7716K, committed 7808K, reserved 1048576K
Event: 33.910 GC heap after
Heap after GC invocations=30 (full 5):
 PSYoungGen      total 535040K, used 32K [0x00000000d6580000, 0x00000000fc080000, 0x0000000100000000)
  eden space 455680K, 0% used [0x00000000d6580000,0x00000000d6580000,0x00000000f2280000)
  from space 79360K, 0% used [0x00000000f2280000,0x00000000f2288000,0x00000000f7000000)
  to   space 78848K, 0% used [0x00000000f7380000,0x00000000f7380000,0x00000000fc080000)
 ParOldGen       total 339456K, used 196831K [0x0000000083000000, 0x0000000097b80000, 0x00000000d6580000)
  object space 339456K, 57% used [0x0000000083000000,0x000000008f037ef0,0x0000000097b80000)
 Metaspace       used 57339K, capacity 58441K, committed 58752K, reserved 1099776K
  class space    used 7452K, capacity 7716K, committed 7808K, reserved 1048576K
}
Event: 33.910 GC heap before
{Heap before GC invocations=31 (full 6):
 PSYoungGen      total 535040K, used 32K [0x00000000d6580000, 0x00000000fc080000, 0x0000000100000000)
  eden space 455680K, 0% used [0x00000000d6580000,0x00000000d6580000,0x00000000f2280000)
  from space 79360K, 0% used [0x00000000f2280000,0x00000000f2288000,0x00000000f7000000)
  to   space 78848K, 0% used [0x00000000f7380000,0x00000000f7380000,0x00000000fc080000)
 ParOldGen       total 339456K, used 196831K [0x0000000083000000, 0x0000000097b80000, 0x00000000d6580000)
  object space 339456K, 57% used [0x0000000083000000,0x000000008f037ef0,0x0000000097b80000)
 Metaspace       used 57339K, capacity 58441K, committed 58752K, reserved 1099776K
  class space    used 7452K, capacity 7716K, committed 7808K, reserved 1048576K
Event: 34.000 GC heap after
Heap after GC invocations=31 (full 6):
 PSYoungGen      total 535040K, used 0K [0x00000000d6580000, 0x00000000fc080000, 0x0000000100000000)
  eden space 455680K, 0% used [0x00000000d6580000,0x00000000d6580000,0x00000000f2280000)
  from space 79360K, 0% used [0x00000000f2280000,0x00000000f2280000,0x00000000f7000000)
  to   space 78848K, 0% used [0x00000000f7380000,0x00000000f7380000,0x00000000fc080000)
 ParOldGen       total 339456K, used 196831K [0x0000000083000000, 0x0000000097b80000, 0x00000000d6580000)
  object space 339456K, 57% used [0x0000000083000000,0x000000008f037ef0,0x0000000097b80000)
 Metaspace       used 57339K, capacity 58441K, committed 58752K, reserved 1099776K
  class space    used 7452K, capacity 7716K, committed 7808K, reserved 1048576K
}

